{"/Users/shaun/Desktop/Code/testing/unit-tests-code-problems/codewars/1-hello-world.js": {"path":"/Users/shaun/Desktop/Code/testing/unit-tests-code-problems/codewars/1-hello-world.js","statementMap":{"0":{"start":{"line":2,"column":2},"end":{"line":2,"column":24}}},"fnMap":{"0":{"name":"greet","decl":{"start":{"line":1,"column":16},"end":{"line":1,"column":21}},"loc":{"start":{"line":1,"column":24},"end":{"line":3,"column":1}},"line":1}},"branchMap":{},"s":{"0":1},"f":{"0":1},"b":{},"_coverageSchema":"43e27e138ebf9cfc5966b082cf9a028302ed4184","hash":"3eeb78f9f59f6458424fca50f807fed9cd5dcac1"}
,"/Users/shaun/Desktop/Code/testing/unit-tests-code-problems/technigo/1-multiplication.js": {"path":"/Users/shaun/Desktop/Code/testing/unit-tests-code-problems/technigo/1-multiplication.js","statementMap":{"0":{"start":{"line":1,"column":24},"end":{"line":3,"column":1}},"1":{"start":{"line":2,"column":2},"end":{"line":2,"column":14}}},"fnMap":{"0":{"name":"(anonymous_0)","decl":{"start":{"line":1,"column":24},"end":{"line":1,"column":25}},"loc":{"start":{"line":1,"column":34},"end":{"line":3,"column":1}},"line":1}},"branchMap":{},"s":{"0":1,"1":1},"f":{"0":1},"b":{},"_coverageSchema":"43e27e138ebf9cfc5966b082cf9a028302ed4184","hash":"bc7a94dbecf5fb0b9c68e4ea1902170d76e60d68"}
,"/Users/shaun/Desktop/Code/testing/unit-tests-code-problems/technigo/2-first-last.js": {"path":"/Users/shaun/Desktop/Code/testing/unit-tests-code-problems/technigo/2-first-last.js","statementMap":{"0":{"start":{"line":1,"column":25},"end":{"line":9,"column":3}},"1":{"start":{"line":2,"column":4},"end":{"line":8,"column":5}},"2":{"start":{"line":3,"column":6},"end":{"line":3,"column":24}},"3":{"start":{"line":4,"column":11},"end":{"line":8,"column":5}},"4":{"start":{"line":5,"column":6},"end":{"line":5,"column":37}},"5":{"start":{"line":7,"column":6},"end":{"line":7,"column":67}}},"fnMap":{"0":{"name":"(anonymous_0)","decl":{"start":{"line":1,"column":25},"end":{"line":1,"column":26}},"loc":{"start":{"line":1,"column":36},"end":{"line":9,"column":3}},"line":1}},"branchMap":{"0":{"loc":{"start":{"line":2,"column":4},"end":{"line":8,"column":5}},"type":"if","locations":[{"start":{"line":2,"column":4},"end":{"line":8,"column":5}},{"start":{"line":2,"column":4},"end":{"line":8,"column":5}}],"line":2},"1":{"loc":{"start":{"line":4,"column":11},"end":{"line":8,"column":5}},"type":"if","locations":[{"start":{"line":4,"column":11},"end":{"line":8,"column":5}},{"start":{"line":4,"column":11},"end":{"line":8,"column":5}}],"line":4}},"s":{"0":1,"1":4,"2":1,"3":3,"4":1,"5":2},"f":{"0":4},"b":{"0":[1,3],"1":[1,2]},"_coverageSchema":"43e27e138ebf9cfc5966b082cf9a028302ed4184","hash":"db37c43a07b425240ff3cb55fa274768ec2c04c5"}
,"/Users/shaun/Desktop/Code/testing/unit-tests-code-problems/technigo/3-find-index.js": {"path":"/Users/shaun/Desktop/Code/testing/unit-tests-code-problems/technigo/3-find-index.js","statementMap":{"0":{"start":{"line":1,"column":25},"end":{"line":3,"column":1}},"1":{"start":{"line":2,"column":2},"end":{"line":2,"column":29}}},"fnMap":{"0":{"name":"(anonymous_0)","decl":{"start":{"line":1,"column":25},"end":{"line":1,"column":26}},"loc":{"start":{"line":1,"column":43},"end":{"line":3,"column":1}},"line":1}},"branchMap":{},"s":{"0":1,"1":4},"f":{"0":4},"b":{},"_coverageSchema":"43e27e138ebf9cfc5966b082cf9a028302ed4184","hash":"0380d11f1f3a04a4ff8289448961a200d7403947"}
,"/Users/shaun/Desktop/Code/testing/unit-tests-code-problems/technigo/4-angle-calculator.js": {"path":"/Users/shaun/Desktop/Code/testing/unit-tests-code-problems/technigo/4-angle-calculator.js","statementMap":{"0":{"start":{"line":1,"column":31},"end":{"line":4,"column":1}},"1":{"start":{"line":2,"column":2},"end":{"line":2,"column":20}}},"fnMap":{"0":{"name":"(anonymous_0)","decl":{"start":{"line":1,"column":31},"end":{"line":1,"column":32}},"loc":{"start":{"line":1,"column":42},"end":{"line":4,"column":1}},"line":1}},"branchMap":{},"s":{"0":1,"1":4},"f":{"0":4},"b":{},"_coverageSchema":"43e27e138ebf9cfc5966b082cf9a028302ed4184","hash":"62f90daf8c11186e70cca42f8c94a0fd441ba84b"}
,"/Users/shaun/Desktop/Code/testing/unit-tests-code-problems/technigo/5-month-name.js": {"path":"/Users/shaun/Desktop/Code/testing/unit-tests-code-problems/technigo/5-month-name.js","statementMap":{"0":{"start":{"line":3,"column":15},"end":{"line":6,"column":1}},"1":{"start":{"line":8,"column":25},"end":{"line":13,"column":1}},"2":{"start":{"line":9,"column":2},"end":{"line":11,"column":3}},"3":{"start":{"line":10,"column":4},"end":{"line":10,"column":15}},"4":{"start":{"line":12,"column":2},"end":{"line":12,"column":32}}},"fnMap":{"0":{"name":"(anonymous_0)","decl":{"start":{"line":8,"column":25},"end":{"line":8,"column":26}},"loc":{"start":{"line":8,"column":42},"end":{"line":13,"column":1}},"line":8}},"branchMap":{"0":{"loc":{"start":{"line":9,"column":2},"end":{"line":11,"column":3}},"type":"if","locations":[{"start":{"line":9,"column":2},"end":{"line":11,"column":3}},{"start":{"line":9,"column":2},"end":{"line":11,"column":3}}],"line":9},"1":{"loc":{"start":{"line":9,"column":6},"end":{"line":9,"column":41}},"type":"binary-expr","locations":[{"start":{"line":9,"column":6},"end":{"line":9,"column":22}},{"start":{"line":9,"column":26},"end":{"line":9,"column":41}}],"line":9}},"s":{"0":1,"1":1,"2":5,"3":2,"4":3},"f":{"0":5},"b":{"0":[2,3],"1":[5,4]},"_coverageSchema":"43e27e138ebf9cfc5966b082cf9a028302ed4184","hash":"2e86a243774a13a5ccefa86ad63c87fd7d28466f"}
,"/Users/shaun/Desktop/Code/testing/unit-tests-code-problems/technigo/6-filter-numbers.js": {"path":"/Users/shaun/Desktop/Code/testing/unit-tests-code-problems/technigo/6-filter-numbers.js","statementMap":{"0":{"start":{"line":1,"column":29},"end":{"line":3,"column":1}},"1":{"start":{"line":2,"column":2},"end":{"line":2,"column":56}},"2":{"start":{"line":2,"column":32},"end":{"line":2,"column":55}}},"fnMap":{"0":{"name":"(anonymous_0)","decl":{"start":{"line":1,"column":29},"end":{"line":1,"column":30}},"loc":{"start":{"line":1,"column":55},"end":{"line":3,"column":1}},"line":1},"1":{"name":"(anonymous_1)","decl":{"start":{"line":2,"column":22},"end":{"line":2,"column":23}},"loc":{"start":{"line":2,"column":32},"end":{"line":2,"column":55}},"line":2}},"branchMap":{},"s":{"0":1,"1":1,"2":5},"f":{"0":1,"1":5},"b":{},"_coverageSchema":"43e27e138ebf9cfc5966b082cf9a028302ed4184","hash":"1df0842232ea32575dd78223667b71641b3068e4"}
,"/Users/shaun/Desktop/Code/testing/unit-tests-code-problems/technigo/7-is-empty.js": {"path":"/Users/shaun/Desktop/Code/testing/unit-tests-code-problems/technigo/7-is-empty.js","statementMap":{"0":{"start":{"line":1,"column":23},"end":{"line":11,"column":1}},"1":{"start":{"line":2,"column":15},"end":{"line":2,"column":41}},"2":{"start":{"line":4,"column":2},"end":{"line":10,"column":3}},"3":{"start":{"line":5,"column":4},"end":{"line":5,"column":37}},"4":{"start":{"line":6,"column":9},"end":{"line":10,"column":3}},"5":{"start":{"line":7,"column":4},"end":{"line":7,"column":15}},"6":{"start":{"line":9,"column":4},"end":{"line":9,"column":16}}},"fnMap":{"0":{"name":"(anonymous_0)","decl":{"start":{"line":1,"column":23},"end":{"line":1,"column":24}},"loc":{"start":{"line":1,"column":48},"end":{"line":11,"column":1}},"line":1}},"branchMap":{"0":{"loc":{"start":{"line":4,"column":2},"end":{"line":10,"column":3}},"type":"if","locations":[{"start":{"line":4,"column":2},"end":{"line":10,"column":3}},{"start":{"line":4,"column":2},"end":{"line":10,"column":3}}],"line":4},"1":{"loc":{"start":{"line":6,"column":9},"end":{"line":10,"column":3}},"type":"if","locations":[{"start":{"line":6,"column":9},"end":{"line":10,"column":3}},{"start":{"line":6,"column":9},"end":{"line":10,"column":3}}],"line":6},"2":{"loc":{"start":{"line":6,"column":13},"end":{"line":6,"column":94}},"type":"binary-expr","locations":[{"start":{"line":6,"column":13},"end":{"line":6,"column":45}},{"start":{"line":6,"column":49},"end":{"line":6,"column":94}}],"line":6}},"s":{"0":1,"1":6,"2":6,"3":2,"4":4,"5":2,"6":2},"f":{"0":6},"b":{"0":[2,4],"1":[2,2],"2":[4,3]},"_coverageSchema":"43e27e138ebf9cfc5966b082cf9a028302ed4184","hash":"b1219c89781dee62d50266ac48a12ee606d623da"}
,"/Users/shaun/Desktop/Code/testing/unit-tests-code-problems/technigo/8-hacker-speak.js": {"path":"/Users/shaun/Desktop/Code/testing/unit-tests-code-problems/technigo/8-hacker-speak.js","statementMap":{"0":{"start":{"line":1,"column":27},"end":{"line":12,"column":1}},"1":{"start":{"line":2,"column":15},"end":{"line":2,"column":17}},"2":{"start":{"line":3,"column":23},"end":{"line":3,"column":48}},"3":{"start":{"line":4,"column":2},"end":{"line":10,"column":3}},"4":{"start":{"line":4,"column":15},"end":{"line":4,"column":16}},"5":{"start":{"line":5,"column":15},"end":{"line":5,"column":30}},"6":{"start":{"line":6,"column":4},"end":{"line":8,"column":5}},"7":{"start":{"line":7,"column":6},"end":{"line":7,"column":126}},"8":{"start":{"line":9,"column":4},"end":{"line":9,"column":32}},"9":{"start":{"line":11,"column":2},"end":{"line":11,"column":15}}},"fnMap":{"0":{"name":"(anonymous_0)","decl":{"start":{"line":1,"column":27},"end":{"line":1,"column":28}},"loc":{"start":{"line":1,"column":38},"end":{"line":12,"column":1}},"line":1}},"branchMap":{"0":{"loc":{"start":{"line":6,"column":4},"end":{"line":8,"column":5}},"type":"if","locations":[{"start":{"line":6,"column":4},"end":{"line":8,"column":5}},{"start":{"line":6,"column":4},"end":{"line":8,"column":5}}],"line":6}},"s":{"0":1,"1":6,"2":6,"3":6,"4":6,"5":100,"6":100,"7":38,"8":100,"9":6},"f":{"0":6},"b":{"0":[38,62]},"_coverageSchema":"43e27e138ebf9cfc5966b082cf9a028302ed4184","hash":"84ce6c7c9bd147a17743de303a1f47157a878b12"}
,"/Users/shaun/Desktop/Code/testing/unit-tests-code-problems/technigo/9-hashtags.js": {"path":"/Users/shaun/Desktop/Code/testing/unit-tests-code-problems/technigo/9-hashtags.js","statementMap":{"0":{"start":{"line":1,"column":24},"end":{"line":10,"column":1}},"1":{"start":{"line":2,"column":16},"end":{"line":2,"column":31}},"2":{"start":{"line":3,"column":15},"end":{"line":3,"column":17}},"3":{"start":{"line":4,"column":2},"end":{"line":8,"column":3}},"4":{"start":{"line":5,"column":4},"end":{"line":7,"column":5}},"5":{"start":{"line":6,"column":6},"end":{"line":6,"column":25}},"6":{"start":{"line":9,"column":2},"end":{"line":9,"column":15}}},"fnMap":{"0":{"name":"(anonymous_0)","decl":{"start":{"line":1,"column":24},"end":{"line":1,"column":25}},"loc":{"start":{"line":1,"column":34},"end":{"line":10,"column":1}},"line":1}},"branchMap":{"0":{"loc":{"start":{"line":5,"column":4},"end":{"line":7,"column":5}},"type":"if","locations":[{"start":{"line":5,"column":4},"end":{"line":7,"column":5}},{"start":{"line":5,"column":4},"end":{"line":7,"column":5}}],"line":5}},"s":{"0":1,"1":1,"2":1,"3":1,"4":8,"5":3,"6":1},"f":{"0":1},"b":{"0":[3,5]},"_coverageSchema":"43e27e138ebf9cfc5966b082cf9a028302ed4184","hash":"b1061aa2e1cc223e5e29839d6ee00fa342995b38"}
}
