TN:
SF:/Users/shaun/Desktop/Code/testing/unit-tests-code-problems/codewars/1-hello-world.js
FN:1,greet
FNF:1
FNH:1
FNDA:1,greet
DA:2,1
LF:1
LH:1
BRF:0
BRH:0
end_of_record
TN:
SF:/Users/shaun/Desktop/Code/testing/unit-tests-code-problems/technigo/1-multiplication.js
FN:1,(anonymous_0)
FNF:1
FNH:1
FNDA:1,(anonymous_0)
DA:1,1
DA:2,1
LF:2
LH:2
BRF:0
BRH:0
end_of_record
TN:
SF:/Users/shaun/Desktop/Code/testing/unit-tests-code-problems/technigo/2-first-last.js
FN:1,(anonymous_0)
FNF:1
FNH:1
FNDA:4,(anonymous_0)
DA:1,1
DA:2,4
DA:3,1
DA:4,3
DA:5,1
DA:7,2
LF:6
LH:6
BRDA:2,0,0,1
BRDA:2,0,1,3
BRDA:4,1,0,1
BRDA:4,1,1,2
BRF:4
BRH:4
end_of_record
TN:
SF:/Users/shaun/Desktop/Code/testing/unit-tests-code-problems/technigo/3-find-index.js
FN:1,(anonymous_0)
FNF:1
FNH:1
FNDA:4,(anonymous_0)
DA:1,1
DA:2,4
LF:2
LH:2
BRF:0
BRH:0
end_of_record
TN:
SF:/Users/shaun/Desktop/Code/testing/unit-tests-code-problems/technigo/4-angle-calculator.js
FN:1,(anonymous_0)
FNF:1
FNH:1
FNDA:4,(anonymous_0)
DA:1,1
DA:2,4
LF:2
LH:2
BRF:0
BRH:0
end_of_record
TN:
SF:/Users/shaun/Desktop/Code/testing/unit-tests-code-problems/technigo/5-month-name.js
FN:8,(anonymous_0)
FNF:1
FNH:1
FNDA:5,(anonymous_0)
DA:3,1
DA:8,1
DA:9,5
DA:10,2
DA:12,3
LF:5
LH:5
BRDA:9,0,0,2
BRDA:9,0,1,3
BRDA:9,1,0,5
BRDA:9,1,1,4
BRF:4
BRH:4
end_of_record
TN:
SF:/Users/shaun/Desktop/Code/testing/unit-tests-code-problems/technigo/6-filter-numbers.js
FN:1,(anonymous_0)
FN:2,(anonymous_1)
FNF:2
FNH:2
FNDA:1,(anonymous_0)
FNDA:5,(anonymous_1)
DA:1,1
DA:2,5
LF:2
LH:2
BRF:0
BRH:0
end_of_record
TN:
SF:/Users/shaun/Desktop/Code/testing/unit-tests-code-problems/technigo/7-is-empty.js
FN:1,(anonymous_0)
FNF:1
FNH:1
FNDA:6,(anonymous_0)
DA:1,1
DA:2,6
DA:4,6
DA:5,2
DA:6,4
DA:7,2
DA:9,2
LF:7
LH:7
BRDA:4,0,0,2
BRDA:4,0,1,4
BRDA:6,1,0,2
BRDA:6,1,1,2
BRDA:6,2,0,4
BRDA:6,2,1,3
BRF:6
BRH:6
end_of_record
TN:
SF:/Users/shaun/Desktop/Code/testing/unit-tests-code-problems/technigo/8-hacker-speak.js
FN:1,(anonymous_0)
FNF:1
FNH:1
FNDA:6,(anonymous_0)
DA:1,1
DA:2,6
DA:3,6
DA:4,6
DA:5,100
DA:6,100
DA:7,38
DA:9,100
DA:11,6
LF:9
LH:9
BRDA:6,0,0,38
BRDA:6,0,1,62
BRF:2
BRH:2
end_of_record
TN:
SF:/Users/shaun/Desktop/Code/testing/unit-tests-code-problems/technigo/9-hashtags.js
FN:1,(anonymous_0)
FNF:1
FNH:1
FNDA:1,(anonymous_0)
DA:1,1
DA:2,1
DA:3,1
DA:4,1
DA:5,8
DA:6,3
DA:9,1
LF:7
LH:7
BRDA:5,0,0,3
BRDA:5,0,1,5
BRF:2
BRH:2
end_of_record
